{
  "stats": {
    "suites": 1,
    "tests": 1,
    "passes": 1,
    "pending": 0,
    "failures": 0,
    "start": "2024-07-04T17:53:13.009Z",
    "end": "2024-07-04T17:53:13.778Z",
    "duration": 769,
    "testsRegistered": 1,
    "passPercent": 100,
    "pendingPercent": 0,
    "other": 0,
    "hasOther": false,
    "skipped": 0,
    "hasSkipped": false
  },
  "results": [
    {
      "uuid": "94e9d3be-77a4-4697-9927-87278f5c7767",
      "title": "",
      "fullFile": "cypress/e2e/apiquiz/get.js",
      "file": "cypress/e2e/apiquiz/get.js",
      "beforeHooks": [],
      "afterHooks": [],
      "tests": [],
      "suites": [
        {
          "uuid": "fb7b5025-a71e-42ad-8c30-7da396ed186f",
          "title": "API Test for GET /users?page=2",
          "fullFile": "",
          "file": "",
          "beforeHooks": [],
          "afterHooks": [],
          "tests": [
            {
              "title": "should return a list of users for page 2",
              "fullTitle": "API Test for GET /users?page=2 should return a list of users for page 2",
              "timedOut": null,
              "duration": 712,
              "state": "passed",
              "speed": "fast",
              "pass": true,
              "fail": false,
              "pending": false,
              "context": null,
              "code": "cy.request(\"GET\", \"https://reqres.in/api/users?page=2\").then((response) => {\n  expect(response.status).to.eq(200);\n  expect(response.body).to.have.property(\"page\", 2);\n  expect(response.body).to.have.property(\"data\").and.be.an(\"array\");\n  response.body.data.forEach((user) => {\n    expect(user).to.have.property(\"id\").and.be.a(\"number\");\n    expect(user).to.have.property(\"email\").and.be.a(\"string\");\n    expect(user).to.have.property(\"first_name\").and.be.a(\"string\");\n    expect(user).to.have.property(\"last_name\").and.be.a(\"string\");\n    expect(user).to.have.property(\"avatar\").and.be.a(\"string\");\n  });\n});",
              "err": {},
              "uuid": "f0becc63-7ccf-43ff-a99b-0283a896464e",
              "parentUUID": "fb7b5025-a71e-42ad-8c30-7da396ed186f",
              "isHook": false,
              "skipped": false
            }
          ],
          "suites": [],
          "passes": [
            "f0becc63-7ccf-43ff-a99b-0283a896464e"
          ],
          "failures": [],
          "pending": [],
          "skipped": [],
          "duration": 712,
          "root": false,
          "rootEmpty": false,
          "_timeout": 2000
        }
      ],
      "passes": [],
      "failures": [],
      "pending": [],
      "skipped": [],
      "duration": 0,
      "root": true,
      "rootEmpty": true,
      "_timeout": 2000
    }
  ],
  "meta": {
    "mocha": {
      "version": "7.0.1"
    },
    "mochawesome": {
      "options": {
        "quiet": false,
        "reportFilename": "mochawesome",
        "saveHtml": true,
        "saveJson": true,
        "consoleReporter": "spec",
        "useInlineDiffs": false,
        "code": true
      },
      "version": "7.1.3"
    },
    "marge": {
      "options": {
        "id": "default",
        "reportDir": "cypress/reports",
        "overwrite": false,
        "html": true,
        "json": true,
        "timestamp": "mmddyyyy_HHMMss"
      },
      "version": "6.2.0"
    }
  }
}