{
  "stats": {
    "suites": 1,
    "tests": 1,
    "passes": 1,
    "pending": 0,
    "failures": 0,
    "start": "2024-07-04T17:50:40.311Z",
    "end": "2024-07-04T17:50:40.833Z",
    "duration": 522,
    "testsRegistered": 1,
    "passPercent": 100,
    "pendingPercent": 0,
    "other": 0,
    "hasOther": false,
    "skipped": 0,
    "hasSkipped": false
  },
  "results": [
    {
      "uuid": "8e0fd7d8-4b7f-4d79-abdf-a68fd6915767",
      "title": "",
      "fullFile": "cypress/e2e/apiquiz/patch.js",
      "file": "cypress/e2e/apiquiz/patch.js",
      "beforeHooks": [],
      "afterHooks": [],
      "tests": [],
      "suites": [
        {
          "uuid": "d55056a5-d712-4c14-8dfc-75c2da4048c7",
          "title": "API Test for PATCH /users/2",
          "fullFile": "",
          "file": "",
          "beforeHooks": [],
          "afterHooks": [],
          "tests": [
            {
              "title": "should partially update the user data",
              "fullTitle": "API Test for PATCH /users/2 should partially update the user data",
              "timedOut": null,
              "duration": 496,
              "state": "passed",
              "speed": "fast",
              "pass": true,
              "fail": false,
              "pending": false,
              "context": null,
              "code": "const partialUpdate = {\n  job: \"Product Manager\"\n};\ncy.request({\n  method: \"PATCH\",\n  url: \"https://reqres.in/api/users/2\",\n  body: partialUpdate,\n  headers: {\n    \"Content-Type\": \"application/json\"\n  }\n}).then((response) => {\n  expect(response.status).to.eq(200);\n  expect(response.body).to.have.property(\"job\", partialUpdate.job);\n  expect(response.body).to.have.property(\"updatedAt\").and.be.a(\"string\");\n});",
              "err": {},
              "uuid": "24105e5a-0ed4-435f-8479-9641230e3390",
              "parentUUID": "d55056a5-d712-4c14-8dfc-75c2da4048c7",
              "isHook": false,
              "skipped": false
            }
          ],
          "suites": [],
          "passes": [
            "24105e5a-0ed4-435f-8479-9641230e3390"
          ],
          "failures": [],
          "pending": [],
          "skipped": [],
          "duration": 496,
          "root": false,
          "rootEmpty": false,
          "_timeout": 2000
        }
      ],
      "passes": [],
      "failures": [],
      "pending": [],
      "skipped": [],
      "duration": 0,
      "root": true,
      "rootEmpty": true,
      "_timeout": 2000
    }
  ],
  "meta": {
    "mocha": {
      "version": "7.0.1"
    },
    "mochawesome": {
      "options": {
        "quiet": false,
        "reportFilename": "mochawesome",
        "saveHtml": true,
        "saveJson": true,
        "consoleReporter": "spec",
        "useInlineDiffs": false,
        "code": true
      },
      "version": "7.1.3"
    },
    "marge": {
      "options": {
        "id": "default",
        "reportDir": "cypress/reports",
        "overwrite": false,
        "html": true,
        "json": true,
        "timestamp": "mmddyyyy_HHMMss"
      },
      "version": "6.2.0"
    }
  }
}