{
  "stats": {
    "suites": 1,
    "tests": 1,
    "passes": 1,
    "pending": 0,
    "failures": 0,
    "start": "2024-07-04T17:53:09.109Z",
    "end": "2024-07-04T17:53:10.009Z",
    "duration": 900,
    "testsRegistered": 1,
    "passPercent": 100,
    "pendingPercent": 0,
    "other": 0,
    "hasOther": false,
    "skipped": 0,
    "hasSkipped": false
  },
  "results": [
    {
      "uuid": "44ffba4e-4008-4b14-9ea4-1b314c7f8287",
      "title": "",
      "fullFile": "cypress/e2e/apiquiz/test.js",
      "file": "cypress/e2e/apiquiz/test.js",
      "beforeHooks": [],
      "afterHooks": [],
      "tests": [],
      "suites": [
        {
          "uuid": "2528153e-9e75-4a07-b186-922660873189",
          "title": "Add new device using API",
          "fullFile": "",
          "file": "",
          "beforeHooks": [],
          "afterHooks": [],
          "tests": [
            {
              "title": "should add a new device and validate the response",
              "fullTitle": "Add new device using API should add a new device and validate the response",
              "timedOut": null,
              "duration": 838,
              "state": "passed",
              "speed": "fast",
              "pass": true,
              "fail": false,
              "pending": false,
              "context": null,
              "code": "cy.request({\n  method: \"POST\",\n  url: apiEndpoint,\n  body: newDevicePayload,\n  headers: {\n    \"Content-Type\": \"application/json\"\n  }\n}).then((response) => {\n  cy.log(\"Request URL:\", apiEndpoint);\n  cy.log(\"Request Payload:\", newDevicePayload);\n  cy.log(\"Response:\", response);\n  expect(response.status).to.eq(200);\n  expect(response.body).to.have.property(\"id\");\n  expect(response.body).to.have.property(\"name\", newDevicePayload.name);\n  expect(response.body).to.have.property(\"createdAt\");\n  expect(response.body.data).to.deep.equal(newDevicePayload.data);\n  expect(response.body.id).to.not.be.null;\n  expect(response.body.createdAt).to.not.be.null;\n  expect(response.body).to.have.property(\"data\");\n  expect(response.body.data).to.have.property(\"year\", newDevicePayload.data.year);\n  expect(response.body.data).to.have.property(\"price\", newDevicePayload.data.price);\n  expect(response.body.data).to.have.property(\"CPU model\", newDevicePayload.data[\"CPU model\"]);\n  expect(response.body.data).to.have.property(\"Hard disk size\", newDevicePayload.data[\"Hard disk size\"]);\n});",
              "err": {},
              "uuid": "b7f74389-4cb2-47d2-93c1-3a2577b2a77f",
              "parentUUID": "2528153e-9e75-4a07-b186-922660873189",
              "isHook": false,
              "skipped": false
            }
          ],
          "suites": [],
          "passes": [
            "b7f74389-4cb2-47d2-93c1-3a2577b2a77f"
          ],
          "failures": [],
          "pending": [],
          "skipped": [],
          "duration": 838,
          "root": false,
          "rootEmpty": false,
          "_timeout": 2000
        }
      ],
      "passes": [],
      "failures": [],
      "pending": [],
      "skipped": [],
      "duration": 0,
      "root": true,
      "rootEmpty": true,
      "_timeout": 2000
    }
  ],
  "meta": {
    "mocha": {
      "version": "7.0.1"
    },
    "mochawesome": {
      "options": {
        "quiet": false,
        "reportFilename": "mochawesome",
        "saveHtml": true,
        "saveJson": true,
        "consoleReporter": "spec",
        "useInlineDiffs": false,
        "code": true
      },
      "version": "7.1.3"
    },
    "marge": {
      "options": {
        "id": "default",
        "reportDir": "cypress/reports",
        "overwrite": false,
        "html": true,
        "json": true,
        "timestamp": "mmddyyyy_HHMMss"
      },
      "version": "6.2.0"
    }
  }
}