{
  "stats": {
    "suites": 1,
    "tests": 1,
    "passes": 1,
    "pending": 0,
    "failures": 0,
    "start": "2024-07-04T17:56:19.623Z",
    "end": "2024-07-04T17:56:20.078Z",
    "duration": 455,
    "testsRegistered": 1,
    "passPercent": 100,
    "pendingPercent": 0,
    "other": 0,
    "hasOther": false,
    "skipped": 0,
    "hasSkipped": false
  },
  "results": [
    {
      "uuid": "2a18db05-34d0-4371-a1ec-6fcb1903b75b",
      "title": "",
      "fullFile": "cypress/e2e/apiquiz/put.js",
      "file": "cypress/e2e/apiquiz/put.js",
      "beforeHooks": [],
      "afterHooks": [],
      "tests": [],
      "suites": [
        {
          "uuid": "73835534-9d44-4450-b563-a257ed4be31e",
          "title": "API Test for PUT /users/2",
          "fullFile": "",
          "file": "",
          "beforeHooks": [],
          "afterHooks": [],
          "tests": [
            {
              "title": "should update the user data",
              "fullTitle": "API Test for PUT /users/2 should update the user data",
              "timedOut": null,
              "duration": 418,
              "state": "passed",
              "speed": "fast",
              "pass": true,
              "fail": false,
              "pending": false,
              "context": null,
              "code": "const updatedUser = {\n  name: \"Jane Doe\",\n  job: \"Software Developer\"\n};\ncy.request({\n  method: \"PUT\",\n  url: \"https://reqres.in/api/users/2\",\n  body: updatedUser,\n  headers: {\n    \"Content-Type\": \"application/json\"\n  }\n}).then((response) => {\n  expect(response.status).to.eq(200);\n  expect(response.body).to.have.property(\"name\", updatedUser.name);\n  expect(response.body).to.have.property(\"job\", updatedUser.job);\n  expect(response.body).to.have.property(\"updatedAt\").and.be.a(\"string\");\n});",
              "err": {},
              "uuid": "a2f76c16-82c1-437f-9ec0-8ed39131810b",
              "parentUUID": "73835534-9d44-4450-b563-a257ed4be31e",
              "isHook": false,
              "skipped": false
            }
          ],
          "suites": [],
          "passes": [
            "a2f76c16-82c1-437f-9ec0-8ed39131810b"
          ],
          "failures": [],
          "pending": [],
          "skipped": [],
          "duration": 418,
          "root": false,
          "rootEmpty": false,
          "_timeout": 2000
        }
      ],
      "passes": [],
      "failures": [],
      "pending": [],
      "skipped": [],
      "duration": 0,
      "root": true,
      "rootEmpty": true,
      "_timeout": 2000
    }
  ],
  "meta": {
    "mocha": {
      "version": "7.0.1"
    },
    "mochawesome": {
      "options": {
        "quiet": false,
        "reportFilename": "mochawesome",
        "saveHtml": true,
        "saveJson": true,
        "consoleReporter": "spec",
        "useInlineDiffs": false,
        "code": true
      },
      "version": "7.1.3"
    },
    "marge": {
      "options": {
        "configFile": "reporter-config.json"
      },
      "version": "6.2.0"
    }
  }
}